2018-05-15 18:24:54,974 38025  [      Worker-19] WARN  nternal.embedder.EclipseLogger  - Using platform encoding (Cp1252 actually) to copy filtered resources, i.e. build is platform dependent!
2018-05-15 18:24:55,795 38846  [      Worker-19] WARN  nternal.embedder.EclipseLogger  - Using platform encoding (Cp1252 actually) to copy filtered resources, i.e. build is platform dependent!
2018-05-15 18:25:27,420 70471  [       Worker-8] WARN  nternal.embedder.EclipseLogger  - Using platform encoding (Cp1252 actually) to copy filtered resources, i.e. build is platform dependent!
2018-05-15 18:25:27,474 70525  [       Worker-8] WARN  nternal.embedder.EclipseLogger  - Using platform encoding (Cp1252 actually) to copy filtered resources, i.e. build is platform dependent!
2018-05-15 18:25:32,768 75819  [      Worker-22] WARN  nternal.embedder.EclipseLogger  - Using platform encoding (Cp1252 actually) to copy filtered resources, i.e. build is platform dependent!
2018-05-15 18:25:32,769 75820  [      Worker-22] WARN  nternal.embedder.EclipseLogger  - Using platform encoding (Cp1252 actually) to copy filtered resources, i.e. build is platform dependent!
2018-05-15 18:26:13,420 116471 [      Worker-12] WARN  nternal.embedder.EclipseLogger  - Using platform encoding (Cp1252 actually) to copy filtered resources, i.e. build is platform dependent!
2018-05-15 18:26:13,423 116474 [      Worker-12] WARN  nternal.embedder.EclipseLogger  - Using platform encoding (Cp1252 actually) to copy filtered resources, i.e. build is platform dependent!
2018-05-15 18:26:40,707 143758 [       Worker-9] WARN  nternal.embedder.EclipseLogger  - Using platform encoding (Cp1252 actually) to copy filtered resources, i.e. build is platform dependent!
2018-05-15 18:26:40,712 143763 [       Worker-9] WARN  nternal.embedder.EclipseLogger  - Using platform encoding (Cp1252 actually) to copy filtered resources, i.e. build is platform dependent!
2018-05-15 18:27:32,061 195112 [       Worker-4] WARN  nternal.embedder.EclipseLogger  - Using platform encoding (Cp1252 actually) to copy filtered resources, i.e. build is platform dependent!
2018-05-15 18:27:32,064 195115 [       Worker-4] WARN  nternal.embedder.EclipseLogger  - Using platform encoding (Cp1252 actually) to copy filtered resources, i.e. build is platform dependent!
2018-05-15 18:28:28,055 251106 [      Worker-16] WARN  nternal.embedder.EclipseLogger  - Using platform encoding (Cp1252 actually) to copy filtered resources, i.e. build is platform dependent!
2018-05-15 18:28:28,057 251108 [      Worker-16] WARN  nternal.embedder.EclipseLogger  - Using platform encoding (Cp1252 actually) to copy filtered resources, i.e. build is platform dependent!
2018-05-15 18:29:38,061 321112 [       Worker-5] WARN  nternal.embedder.EclipseLogger  - Using platform encoding (Cp1252 actually) to copy filtered resources, i.e. build is platform dependent!
2018-05-15 18:29:38,065 321116 [       Worker-5] WARN  nternal.embedder.EclipseLogger  - Using platform encoding (Cp1252 actually) to copy filtered resources, i.e. build is platform dependent!
2018-05-15 18:29:55,362 338413 [      Worker-10] WARN  nternal.embedder.EclipseLogger  - Using platform encoding (Cp1252 actually) to copy filtered resources, i.e. build is platform dependent!
2018-05-15 18:29:55,364 338415 [      Worker-10] WARN  nternal.embedder.EclipseLogger  - Using platform encoding (Cp1252 actually) to copy filtered resources, i.e. build is platform dependent!
2018-05-15 18:33:35,635 558686 [      Worker-10] WARN  nternal.embedder.EclipseLogger  - Using platform encoding (Cp1252 actually) to copy filtered resources, i.e. build is platform dependent!
2018-05-15 18:33:35,640 558691 [      Worker-10] WARN  nternal.embedder.EclipseLogger  - Using platform encoding (Cp1252 actually) to copy filtered resources, i.e. build is platform dependent!
2018-05-15 18:33:40,542 563593 [      Worker-11] WARN  nternal.embedder.EclipseLogger  - Using platform encoding (Cp1252 actually) to copy filtered resources, i.e. build is platform dependent!
2018-05-15 18:33:40,545 563596 [      Worker-11] WARN  nternal.embedder.EclipseLogger  - Using platform encoding (Cp1252 actually) to copy filtered resources, i.e. build is platform dependent!
2018-05-15 18:34:48,591 631642 [       Worker-1] WARN  nternal.embedder.EclipseLogger  - Using platform encoding (Cp1252 actually) to copy filtered resources, i.e. build is platform dependent!
2018-05-15 18:34:48,594 631645 [       Worker-1] WARN  nternal.embedder.EclipseLogger  - Using platform encoding (Cp1252 actually) to copy filtered resources, i.e. build is platform dependent!
2018-05-15 18:39:56,427 939478 [      Worker-11] WARN  nternal.embedder.EclipseLogger  - Using platform encoding (Cp1252 actually) to copy filtered resources, i.e. build is platform dependent!
2018-05-15 18:39:56,430 939481 [      Worker-11] WARN  nternal.embedder.EclipseLogger  - Using platform encoding (Cp1252 actually) to copy filtered resources, i.e. build is platform dependent!
2018-05-15 18:40:47,358 990409 [      Worker-21] WARN  nternal.embedder.EclipseLogger  - Using platform encoding (Cp1252 actually) to copy filtered resources, i.e. build is platform dependent!
2018-05-15 18:40:47,361 990412 [      Worker-21] WARN  nternal.embedder.EclipseLogger  - Using platform encoding (Cp1252 actually) to copy filtered resources, i.e. build is platform dependent!
2018-05-15 18:41:26,279 1029330 [       Worker-8] WARN  nternal.embedder.EclipseLogger  - Using platform encoding (Cp1252 actually) to copy filtered resources, i.e. build is platform dependent!
2018-05-15 18:41:26,282 1029333 [       Worker-8] WARN  nternal.embedder.EclipseLogger  - Using platform encoding (Cp1252 actually) to copy filtered resources, i.e. build is platform dependent!
2018-05-15 18:41:57,566 1060617 [      Worker-16] WARN  nternal.embedder.EclipseLogger  - Using platform encoding (Cp1252 actually) to copy filtered resources, i.e. build is platform dependent!
2018-05-15 18:41:57,569 1060620 [      Worker-16] WARN  nternal.embedder.EclipseLogger  - Using platform encoding (Cp1252 actually) to copy filtered resources, i.e. build is platform dependent!
2018-05-15 18:52:03,351 1666402 [      Worker-11] WARN  nternal.embedder.EclipseLogger  - Using platform encoding (Cp1252 actually) to copy filtered resources, i.e. build is platform dependent!
2018-05-15 18:52:03,356 1666407 [      Worker-11] WARN  nternal.embedder.EclipseLogger  - Using platform encoding (Cp1252 actually) to copy filtered resources, i.e. build is platform dependent!
2018-05-15 18:52:43,363 1706414 [      Worker-25] WARN  nternal.embedder.EclipseLogger  - Using platform encoding (Cp1252 actually) to copy filtered resources, i.e. build is platform dependent!
2018-05-15 18:52:43,369 1706420 [      Worker-25] WARN  nternal.embedder.EclipseLogger  - Using platform encoding (Cp1252 actually) to copy filtered resources, i.e. build is platform dependent!
2018-05-15 18:53:33,608 1756659 [      Worker-11] WARN  nternal.embedder.EclipseLogger  - Using platform encoding (Cp1252 actually) to copy filtered resources, i.e. build is platform dependent!
2018-05-15 18:53:33,610 1756661 [      Worker-11] WARN  nternal.embedder.EclipseLogger  - Using platform encoding (Cp1252 actually) to copy filtered resources, i.e. build is platform dependent!
2018-05-15 18:56:55,405 1958456 [      Worker-11] WARN  nternal.embedder.EclipseLogger  - Using platform encoding (Cp1252 actually) to copy filtered resources, i.e. build is platform dependent!
2018-05-15 18:56:55,410 1958461 [      Worker-11] WARN  nternal.embedder.EclipseLogger  - Using platform encoding (Cp1252 actually) to copy filtered resources, i.e. build is platform dependent!
2018-05-15 18:57:46,066 2009117 [      Worker-21] WARN  nternal.embedder.EclipseLogger  - Using platform encoding (Cp1252 actually) to copy filtered resources, i.e. build is platform dependent!
2018-05-15 18:57:46,070 2009121 [      Worker-21] WARN  nternal.embedder.EclipseLogger  - Using platform encoding (Cp1252 actually) to copy filtered resources, i.e. build is platform dependent!
2018-05-15 18:57:57,456 2020507 [      Worker-27] WARN  nternal.embedder.EclipseLogger  - Using platform encoding (Cp1252 actually) to copy filtered resources, i.e. build is platform dependent!
2018-05-15 18:57:57,460 2020511 [      Worker-27] WARN  nternal.embedder.EclipseLogger  - Using platform encoding (Cp1252 actually) to copy filtered resources, i.e. build is platform dependent!
2018-05-15 19:00:48,889 2191940 [      Worker-25] WARN  nternal.embedder.EclipseLogger  - Using platform encoding (Cp1252 actually) to copy filtered resources, i.e. build is platform dependent!
2018-05-15 19:00:48,891 2191942 [      Worker-25] WARN  nternal.embedder.EclipseLogger  - Using platform encoding (Cp1252 actually) to copy filtered resources, i.e. build is platform dependent!
2018-05-15 19:10:19,356 2762407 [      Worker-28] WARN  nternal.embedder.EclipseLogger  - Using platform encoding (Cp1252 actually) to copy filtered resources, i.e. build is platform dependent!
2018-05-15 19:10:19,361 2762412 [      Worker-28] WARN  nternal.embedder.EclipseLogger  - Using platform encoding (Cp1252 actually) to copy filtered resources, i.e. build is platform dependent!
2018-05-15 19:10:57,365 2800416 [      Worker-25] WARN  nternal.embedder.EclipseLogger  - Using platform encoding (Cp1252 actually) to copy filtered resources, i.e. build is platform dependent!
2018-05-15 19:10:57,367 2800418 [      Worker-25] WARN  nternal.embedder.EclipseLogger  - Using platform encoding (Cp1252 actually) to copy filtered resources, i.e. build is platform dependent!
2018-05-15 19:10:58,396 2801447 [      Worker-21] WARN  nternal.embedder.EclipseLogger  - Using platform encoding (Cp1252 actually) to copy filtered resources, i.e. build is platform dependent!
2018-05-15 19:10:58,400 2801451 [      Worker-21] WARN  nternal.embedder.EclipseLogger  - Using platform encoding (Cp1252 actually) to copy filtered resources, i.e. build is platform dependent!
2018-05-15 19:11:51,027 2854078 [      Worker-26] WARN  nternal.embedder.EclipseLogger  - Using platform encoding (Cp1252 actually) to copy filtered resources, i.e. build is platform dependent!
2018-05-15 19:11:51,030 2854081 [      Worker-26] WARN  nternal.embedder.EclipseLogger  - Using platform encoding (Cp1252 actually) to copy filtered resources, i.e. build is platform dependent!
2018-05-15 19:12:21,243 2884294 [      Worker-26] WARN  nternal.embedder.EclipseLogger  - Using platform encoding (Cp1252 actually) to copy filtered resources, i.e. build is platform dependent!
2018-05-15 19:12:21,248 2884299 [      Worker-26] WARN  nternal.embedder.EclipseLogger  - Using platform encoding (Cp1252 actually) to copy filtered resources, i.e. build is platform dependent!
2018-05-15 19:19:16,726 3299777 [      Worker-26] WARN  nternal.embedder.EclipseLogger  - Using platform encoding (Cp1252 actually) to copy filtered resources, i.e. build is platform dependent!
2018-05-15 19:19:16,729 3299780 [      Worker-26] WARN  nternal.embedder.EclipseLogger  - Using platform encoding (Cp1252 actually) to copy filtered resources, i.e. build is platform dependent!
2018-05-15 19:19:16,738 3299789 [      Worker-26] WARN  nternal.embedder.EclipseLogger  - Using platform encoding (Cp1252 actually) to copy filtered resources, i.e. build is platform dependent!
2018-05-15 19:19:17,709 3300760 [      Worker-30] WARN  nternal.embedder.EclipseLogger  - Using platform encoding (Cp1252 actually) to copy filtered resources, i.e. build is platform dependent!
2018-05-15 19:19:17,711 3300762 [      Worker-30] WARN  nternal.embedder.EclipseLogger  - Using platform encoding (Cp1252 actually) to copy filtered resources, i.e. build is platform dependent!
2018-05-15 19:20:26,905 3369956 [      Worker-30] WARN  nternal.embedder.EclipseLogger  - Using platform encoding (Cp1252 actually) to copy filtered resources, i.e. build is platform dependent!
2018-05-15 19:20:26,908 3369959 [      Worker-30] WARN  nternal.embedder.EclipseLogger  - Using platform encoding (Cp1252 actually) to copy filtered resources, i.e. build is platform dependent!
2018-05-15 19:20:26,913 3369964 [      Worker-30] WARN  nternal.embedder.EclipseLogger  - Using platform encoding (Cp1252 actually) to copy filtered resources, i.e. build is platform dependent!
2018-05-15 19:20:27,509 3370560 [      Worker-30] WARN  nternal.embedder.EclipseLogger  - Using platform encoding (Cp1252 actually) to copy filtered resources, i.e. build is platform dependent!
2018-05-15 19:20:27,511 3370562 [      Worker-30] WARN  nternal.embedder.EclipseLogger  - Using platform encoding (Cp1252 actually) to copy filtered resources, i.e. build is platform dependent!
2018-05-15 19:20:44,119 3387170 [      Worker-35] WARN  nternal.embedder.EclipseLogger  - Using platform encoding (Cp1252 actually) to copy filtered resources, i.e. build is platform dependent!
2018-05-15 19:20:44,121 3387172 [      Worker-35] WARN  nternal.embedder.EclipseLogger  - Using platform encoding (Cp1252 actually) to copy filtered resources, i.e. build is platform dependent!
2018-05-15 19:20:44,317 3387368 [      Worker-37] WARN  nternal.embedder.EclipseLogger  - Using platform encoding (Cp1252 actually) to copy filtered resources, i.e. build is platform dependent!
2018-05-15 19:20:44,318 3387369 [      Worker-37] WARN  nternal.embedder.EclipseLogger  - Using platform encoding (Cp1252 actually) to copy filtered resources, i.e. build is platform dependent!
2018-05-15 19:21:29,265 3432316 [      Worker-37] WARN  nternal.embedder.EclipseLogger  - Using platform encoding (Cp1252 actually) to copy filtered resources, i.e. build is platform dependent!
2018-05-15 19:21:29,269 3432320 [      Worker-37] WARN  nternal.embedder.EclipseLogger  - Using platform encoding (Cp1252 actually) to copy filtered resources, i.e. build is platform dependent!
2018-05-15 19:26:30,867 3733918 [      Worker-33] WARN  nternal.embedder.EclipseLogger  - Using platform encoding (Cp1252 actually) to copy filtered resources, i.e. build is platform dependent!
2018-05-15 19:26:30,872 3733923 [      Worker-33] WARN  nternal.embedder.EclipseLogger  - Using platform encoding (Cp1252 actually) to copy filtered resources, i.e. build is platform dependent!
2018-05-15 19:27:06,403 3769454 [      Worker-29] WARN  nternal.embedder.EclipseLogger  - Using platform encoding (Cp1252 actually) to copy filtered resources, i.e. build is platform dependent!
2018-05-15 19:27:06,405 3769456 [      Worker-29] WARN  nternal.embedder.EclipseLogger  - Using platform encoding (Cp1252 actually) to copy filtered resources, i.e. build is platform dependent!
2018-05-15 19:27:20,413 3783464 [      Worker-11] WARN  nternal.embedder.EclipseLogger  - Using platform encoding (Cp1252 actually) to copy filtered resources, i.e. build is platform dependent!
2018-05-15 19:27:20,418 3783469 [      Worker-11] WARN  nternal.embedder.EclipseLogger  - Using platform encoding (Cp1252 actually) to copy filtered resources, i.e. build is platform dependent!
2018-05-15 19:27:40,650 3803701 [      Worker-21] WARN  nternal.embedder.EclipseLogger  - Using platform encoding (Cp1252 actually) to copy filtered resources, i.e. build is platform dependent!
2018-05-15 19:27:40,655 3803706 [      Worker-21] WARN  nternal.embedder.EclipseLogger  - Using platform encoding (Cp1252 actually) to copy filtered resources, i.e. build is platform dependent!
2018-05-15 19:27:59,815 3822866 [      Worker-38] WARN  nternal.embedder.EclipseLogger  - Using platform encoding (Cp1252 actually) to copy filtered resources, i.e. build is platform dependent!
2018-05-15 19:27:59,818 3822869 [      Worker-38] WARN  nternal.embedder.EclipseLogger  - Using platform encoding (Cp1252 actually) to copy filtered resources, i.e. build is platform dependent!
2018-05-15 19:30:53,418 3996469 [      Worker-36] WARN  nternal.embedder.EclipseLogger  - Using platform encoding (Cp1252 actually) to copy filtered resources, i.e. build is platform dependent!
2018-05-15 19:30:53,421 3996472 [      Worker-36] WARN  nternal.embedder.EclipseLogger  - Using platform encoding (Cp1252 actually) to copy filtered resources, i.e. build is platform dependent!
2018-05-15 19:31:13,546 4016597 [      Worker-35] WARN  nternal.embedder.EclipseLogger  - Using platform encoding (Cp1252 actually) to copy filtered resources, i.e. build is platform dependent!
2018-05-15 19:31:13,548 4016599 [      Worker-35] WARN  nternal.embedder.EclipseLogger  - Using platform encoding (Cp1252 actually) to copy filtered resources, i.e. build is platform dependent!
2018-05-15 19:31:22,247 4025298 [      Worker-34] WARN  nternal.embedder.EclipseLogger  - Using platform encoding (Cp1252 actually) to copy filtered resources, i.e. build is platform dependent!
2018-05-15 19:31:22,251 4025302 [      Worker-34] WARN  nternal.embedder.EclipseLogger  - Using platform encoding (Cp1252 actually) to copy filtered resources, i.e. build is platform dependent!
2018-05-15 19:35:19,137 4262188 [      Worker-33] WARN  nternal.embedder.EclipseLogger  - Using platform encoding (Cp1252 actually) to copy filtered resources, i.e. build is platform dependent!
2018-05-15 19:35:19,139 4262190 [      Worker-33] WARN  nternal.embedder.EclipseLogger  - Using platform encoding (Cp1252 actually) to copy filtered resources, i.e. build is platform dependent!
2018-05-15 19:35:26,745 4269796 [      Worker-36] WARN  nternal.embedder.EclipseLogger  - Using platform encoding (Cp1252 actually) to copy filtered resources, i.e. build is platform dependent!
2018-05-15 19:35:26,748 4269799 [      Worker-36] WARN  nternal.embedder.EclipseLogger  - Using platform encoding (Cp1252 actually) to copy filtered resources, i.e. build is platform dependent!
2018-05-15 19:35:42,613 4285664 [      Worker-33] WARN  nternal.embedder.EclipseLogger  - Using platform encoding (Cp1252 actually) to copy filtered resources, i.e. build is platform dependent!
2018-05-15 19:35:42,619 4285670 [      Worker-33] WARN  nternal.embedder.EclipseLogger  - Using platform encoding (Cp1252 actually) to copy filtered resources, i.e. build is platform dependent!
2018-05-15 19:36:16,523 4319574 [      Worker-30] WARN  nternal.embedder.EclipseLogger  - Using platform encoding (Cp1252 actually) to copy filtered resources, i.e. build is platform dependent!
2018-05-15 19:36:16,526 4319577 [      Worker-30] WARN  nternal.embedder.EclipseLogger  - Using platform encoding (Cp1252 actually) to copy filtered resources, i.e. build is platform dependent!
2018-05-15 19:50:14,507 5157558 [      Worker-35] WARN  nternal.embedder.EclipseLogger  - Using platform encoding (Cp1252 actually) to copy filtered resources, i.e. build is platform dependent!
2018-05-15 19:50:14,510 5157561 [      Worker-35] WARN  nternal.embedder.EclipseLogger  - Using platform encoding (Cp1252 actually) to copy filtered resources, i.e. build is platform dependent!
2018-05-16 18:51:24,692 0      [      Worker-23] WARN  nternal.embedder.EclipseLogger  - Using platform encoding (Cp1252 actually) to copy filtered resources, i.e. build is platform dependent!
2018-05-16 18:51:25,794 1102   [      Worker-23] WARN  nternal.embedder.EclipseLogger  - Using platform encoding (Cp1252 actually) to copy filtered resources, i.e. build is platform dependent!
2018-05-18 18:23:26,154 1330   [      Worker-16] WARN  nternal.embedder.EclipseLogger  - Using platform encoding (Cp1252 actually) to copy filtered resources, i.e. build is platform dependent!
2018-05-18 18:23:26,218 1394   [      Worker-16] WARN  nternal.embedder.EclipseLogger  - Using platform encoding (Cp1252 actually) to copy filtered resources, i.e. build is platform dependent!
2018-05-18 19:30:29,508 4024684 [      Worker-30] WARN  nternal.embedder.EclipseLogger  - The POM for hikari-cp:hikari-cp:jar:2.4.0 is missing, no dependency information available
2018-05-18 19:30:30,785 4025961 [      Worker-24] WARN  nternal.embedder.EclipseLogger  - The POM for hikari-cp:hikari-cp:jar:2.4.0 is missing, no dependency information available
2018-05-18 19:30:31,148 4026324 [      Worker-24] WARN  nternal.embedder.EclipseLogger  - The POM for hikari-cp:hikari-cp:jar:2.4.0 is missing, no dependency information available
2018-06-02 18:23:06,989 0      [       Worker-5] WARN  nternal.embedder.EclipseLogger  - Using platform encoding (Cp1252 actually) to copy filtered resources, i.e. build is platform dependent!
2018-06-02 18:23:07,028 39     [       Worker-5] WARN  nternal.embedder.EclipseLogger  - Using platform encoding (Cp1252 actually) to copy filtered resources, i.e. build is platform dependent!
2018-06-04 18:20:57,721 0      [       Worker-7] WARN  nternal.embedder.EclipseLogger  - Using platform encoding (Cp1252 actually) to copy filtered resources, i.e. build is platform dependent!
2018-06-04 18:20:57,760 39     [       Worker-7] WARN  nternal.embedder.EclipseLogger  - Using platform encoding (Cp1252 actually) to copy filtered resources, i.e. build is platform dependent!
2018-06-06 18:22:05,070 0      [      Worker-20] WARN  nternal.embedder.EclipseLogger  - Using platform encoding (Cp1252 actually) to copy filtered resources, i.e. build is platform dependent!
2018-06-06 18:22:05,224 154    [      Worker-20] WARN  nternal.embedder.EclipseLogger  - Using platform encoding (Cp1252 actually) to copy filtered resources, i.e. build is platform dependent!
2018-06-12 19:50:19,342 0      [       Worker-1] WARN  nternal.embedder.EclipseLogger  - Using platform encoding (Cp1252 actually) to copy filtered resources, i.e. build is platform dependent!
2018-06-12 19:50:19,417 75     [       Worker-1] WARN  nternal.embedder.EclipseLogger  - Using platform encoding (Cp1252 actually) to copy filtered resources, i.e. build is platform dependent!
2018-06-18 18:33:57,794 88122  [       Worker-0] WARN  nternal.embedder.EclipseLogger  - Using platform encoding (Cp1252 actually) to copy filtered resources, i.e. build is platform dependent!
2018-06-18 18:33:58,499 88827  [       Worker-0] WARN  nternal.embedder.EclipseLogger  - Using platform encoding (Cp1252 actually) to copy filtered resources, i.e. build is platform dependent!
2018-06-18 19:24:48,880 0      [      Worker-25] WARN  nternal.embedder.EclipseLogger  - Using platform encoding (Cp1252 actually) to copy filtered resources, i.e. build is platform dependent!
2018-06-18 19:24:48,897 17     [      Worker-25] WARN  nternal.embedder.EclipseLogger  - Using platform encoding (Cp1252 actually) to copy filtered resources, i.e. build is platform dependent!
2018-06-18 19:28:53,680 1      [      Worker-13] WARN  nternal.embedder.EclipseLogger  - Using platform encoding (Cp1252 actually) to copy filtered resources, i.e. build is platform dependent!
2018-06-18 19:28:53,697 18     [      Worker-13] WARN  nternal.embedder.EclipseLogger  - Using platform encoding (Cp1252 actually) to copy filtered resources, i.e. build is platform dependent!
2018-06-21 18:30:09,940 161954 [      Worker-11] WARN  nternal.embedder.EclipseLogger  - Using platform encoding (Cp1252 actually) to copy filtered resources, i.e. build is platform dependent!
2018-06-21 18:30:10,016 162030 [      Worker-11] WARN  nternal.embedder.EclipseLogger  - Using platform encoding (Cp1252 actually) to copy filtered resources, i.e. build is platform dependent!
2018-06-22 18:56:08,374 0      [      Worker-11] WARN  nternal.embedder.EclipseLogger  - Using platform encoding (Cp1252 actually) to copy filtered resources, i.e. build is platform dependent!
2018-06-22 18:56:08,437 63     [      Worker-11] WARN  nternal.embedder.EclipseLogger  - Using platform encoding (Cp1252 actually) to copy filtered resources, i.e. build is platform dependent!
2018-06-22 19:14:16,606 0      [       Worker-4] WARN  nternal.embedder.EclipseLogger  - Using platform encoding (Cp1252 actually) to copy filtered resources, i.e. build is platform dependent!
2018-06-22 19:14:16,651 45     [       Worker-4] WARN  nternal.embedder.EclipseLogger  - Using platform encoding (Cp1252 actually) to copy filtered resources, i.e. build is platform dependent!
2018-06-24 09:08:27,620 115532 [      Worker-11] WARN  nternal.embedder.EclipseLogger  - Using platform encoding (Cp1252 actually) to copy filtered resources, i.e. build is platform dependent!
2018-06-24 09:08:27,659 115571 [      Worker-11] WARN  nternal.embedder.EclipseLogger  - Using platform encoding (Cp1252 actually) to copy filtered resources, i.e. build is platform dependent!
2018-06-24 10:28:28,293 0      [      Worker-17] WARN  nternal.embedder.EclipseLogger  - Using platform encoding (Cp1252 actually) to copy filtered resources, i.e. build is platform dependent!
2018-06-24 10:28:28,311 18     [      Worker-17] WARN  nternal.embedder.EclipseLogger  - Using platform encoding (Cp1252 actually) to copy filtered resources, i.e. build is platform dependent!
2018-06-24 10:32:57,328 0      [      Worker-16] WARN  nternal.embedder.EclipseLogger  - Using platform encoding (Cp1252 actually) to copy filtered resources, i.e. build is platform dependent!
2018-06-24 10:32:57,347 19     [      Worker-16] WARN  nternal.embedder.EclipseLogger  - Using platform encoding (Cp1252 actually) to copy filtered resources, i.e. build is platform dependent!
